<?xml version="1.0" encoding="UTF-8"?>
<!-- Generated by org.testng.reporters.JUnitReportReporter -->
<testsuite hostname="MOHXIN" failures="0" tests="7" name="com.opencartproject.qa.testcases.LoginTest" time="33.047" errors="0" timestamp="2024-05-29T14:33:21 IST" skipped="0">
  <testcase classname="com.opencartproject.qa.testcases.LoginTest" name="verifyWithLoginCred" time="4.469"/>
  <testcase classname="com.opencartproject.qa.testcases.LoginTest" name="verifyWithLoginCred" time="5.657"/>
  <testcase classname="com.opencartproject.qa.testcases.LoginTest" name="verifyWithLoginCred" time="4.854"/>
  <testcase classname="com.opencartproject.qa.testcases.LoginTest" name="verifyWithInvalidCred" time="4.051"/>
  <testcase classname="com.opencartproject.qa.testcases.LoginTest" name="verifyWithInvalidEmailId" time="4.968"/>
  <testcase classname="com.opencartproject.qa.testcases.LoginTest" name="verifyWithValidEmailInvalidPassword" time="4.495"/>
  <testcase classname="com.opencartproject.qa.testcases.LoginTest" name="verifyWithoutCred" time="4.553"/>
</testsuite> <!-- com.opencartproject.qa.testcases.LoginTest -->
