<?xml version="1.0" encoding="UTF-8"?>
<!-- Generated by org.testng.reporters.JUnitReportReporter -->
<testsuite hostname="MOHXIN" failures="0" tests="4" name="com.opencartproject.qa.testcases.RegisterTest" time="22.744" errors="0" timestamp="2024-05-29T14:33:21 IST" skipped="0">
  <testcase classname="com.opencartproject.qa.testcases.RegisterTest" name="verifyRegisteringByMandatoryFields" time="5.967"/>
  <testcase classname="com.opencartproject.qa.testcases.RegisterTest" name="verifyRegisteringByEnteringAllFields" time="5.542"/>
  <testcase classname="com.opencartproject.qa.testcases.RegisterTest" name="veryRegisteringByEnteringInvalidEmail" time="5.100"/>
  <testcase classname="com.opencartproject.qa.testcases.RegisterTest" name="verifyRegisteringWithoutEnteringFields" time="6.135"/>
</testsuite> <!-- com.opencartproject.qa.testcases.RegisterTest -->
