<?xml version="1.0" encoding="UTF-8"?>
<!-- Generated by org.testng.reporters.JUnitReportReporter -->
<testsuite hostname="MOHXIN" failures="0" tests="3" name="com.opencartproject.qa.testcases.SearchTest" time="13.613" errors="0" timestamp="2024-05-29T14:33:21 IST" skipped="0">
  <testcase classname="com.opencartproject.qa.testcases.SearchTest" name="verifySearchUsingProductName" time="5.903"/>
  <testcase classname="com.opencartproject.qa.testcases.SearchTest" name="verifySearchWithNonExistingProduct" time="3.534"/>
  <testcase classname="com.opencartproject.qa.testcases.SearchTest" name="verifyWithEmptySearchBar" time="4.176"/>
</testsuite> <!-- com.opencartproject.qa.testcases.SearchTest -->
